<?xml version="1.0" encoding="UTF-8"?>
<!-- Generated by org.testng.reporters.JUnitReportReporter -->
<testsuite skipped="0" hostname="jobzella" name="tests.registerTests" tests="1" failures="0" timestamp="07 Mar 2019 10:07:02 GMT" time="9.385" errors="0">
  <testcase name="registerWithValiddata" time="9.385" classname="tests.registerTests"/>
</testsuite> <!-- tests.registerTests -->
